<?xml version="1.0" encoding="UTF-8"?>
<!-- Generated by org.testng.reporters.JUnitXMLReporter -->
<testsuite ignored="0" hostname="EPESMALW03F9" failures="0" tests="4" name="User Tests" time="2.649" errors="0" timestamp="2023-02-02T16:52:22 CET">
  <testcase classname="api.UserTests" name="isUserArrayAdded" time="0.657"/>
  <testcase classname="api.UserTests" name="isUserListAdded" time="0.7"/>
  <testcase classname="api.UserTests" name="isNotUserExist" time="0.621"/>
  <testcase classname="api.UserTests" name="isUserExist" time="0.666"/>
</testsuite> <!-- User Tests -->
