<?xml version="1.0" encoding="UTF-8"?>
<!-- Generated by org.testng.reporters.JUnitXMLReporter -->
<testsuite ignored="0" hostname="EPESMALW03F9" failures="0" tests="4" name="Default test" time="4.946" errors="0" timestamp="2023-02-01T16:47:01 CET">
  <testcase classname="api.StoreTests" name="isOrderAdded" time="2.554"/>
  <testcase classname="api.StoreTests" name="isOrderIdRetrieved" time="0.682"/>
  <testcase classname="api.StoreTests" name="isOrderDeleted" time="0.64"/>
  <testcase classname="api.StoreTests" name="isInventroyReturned" time="0.706"/>
</testsuite> <!-- Default test -->
