<?xml version="1.0" encoding="UTF-8"?>
<!-- Generated by org.testng.reporters.JUnitXMLReporter -->
<testsuite ignored="0" hostname="EPESMALW03F9" failures="0" tests="9" name="Default test" time="47.205" errors="0" timestamp="2023-01-29T17:11:47 CET">
  <testcase classname="web.HomePageTestCases" name="isDyanmicIdButtonChanged" time="0.371"/>
  <testcase classname="web.HomePageTestCases" name="isAlertPopUpClosed" time="0.363"/>
  <testcase classname="web.HomePageTestCases" name="isGreenButtonNotClickable" time="1.419"/>
  <testcase classname="web.HomePageTestCases" name="isButtonDispalyedAfterDealy" time="5.325"/>
  <testcase classname="web.HomePageTestCases" name="isAjaxDataLoaded" time="15.903"/>
  <testcase classname="web.HomePageTestCases" name="isButtonIgnoringActionClicked" time="0.393"/>
  <testcase classname="web.HomePageTestCases" name="isTextAddedToField" time="0.403"/>
  <testcase classname="web.HomePageTestCases" name="isCpuValueMatchChromeCpuValue" time="0.585"/>
  <testcase classname="web.HomePageTestCases" name="trackProgressBarUpdate" time="3.549"/>
</testsuite> <!-- Default test -->
