<?xml version="1.0" encoding="UTF-8"?>
<!-- Generated by org.testng.reporters.JUnitXMLReporter -->
<testsuite ignored="0" hostname="EPESMALW03F9" failures="0" tests="9" name="Home Page Tests" time="45.765" errors="0" timestamp="2023-02-02T11:21:24 CET">
  <testcase classname="web.HomePageTests" name="isDyanmicIdButtonChanged" time="0.37"/>
  <testcase classname="web.HomePageTests" name="isAlertPopUpClosed" time="0.353"/>
  <testcase classname="web.HomePageTests" name="isGreenButtonNotClickable" time="1.475"/>
  <testcase classname="web.HomePageTests" name="isButtonDispalyedAfterDealy" time="5.353"/>
  <testcase classname="web.HomePageTests" name="isAjaxDataLoaded" time="15.656"/>
  <testcase classname="web.HomePageTests" name="isButtonIgnoringActionClicked" time="0.333"/>
  <testcase classname="web.HomePageTests" name="isTextAddedToField" time="0.388"/>
  <testcase classname="web.HomePageTests" name="isCpuValueMatchChromeCpuValue" time="0.614"/>
  <testcase classname="web.HomePageTests" name="trackProgressBarUpdate" time="3.202"/>
</testsuite> <!-- Home Page Tests -->
