<?xml version="1.0" encoding="UTF-8"?>
<!-- Generated by org.testng.reporters.JUnitXMLReporter -->
<testsuite ignored="0" hostname="EPESMALW03F9" failures="1" tests="9" name="Home Page Tests" time="58.854" errors="0" timestamp="2023-02-02T17:18:51 CET">
  <testcase classname="web.HomePageTests" name="isDyanmicIdButtonChanged" time="0.412"/>
  <testcase classname="web.HomePageTests" name="isAlertPopUpClosed" time="0.428"/>
  <testcase classname="web.HomePageTests" name="isGreenButtonNotClickable" time="1.515"/>
  <testcase classname="web.HomePageTests" name="isButtonDispalyedAfterDealy" time="5.382"/>
  <testcase classname="web.HomePageTests" name="isAjaxDataLoaded" time="15.84"/>
  <testcase classname="web.HomePageTests" name="isButtonIgnoringActionClicked" time="0.344"/>
  <testcase classname="web.HomePageTests" name="isTextAddedToField" time="0.382"/>
  <testcase classname="web.HomePageTests" name="isCpuValueMatchChromeCpuValue" time="0.577"/>
  <testcase classname="web.HomePageTests" name="trackProgressBarUpdate" time="15.982">
    <failure type="java.lang.AssertionError" message="expected [true] but found [false]">
      <![CDATA[java.lang.AssertionError: expected [true] but found [false]
at web.HomePageTests.trackProgressBarUpdate(HomePageTests.java:97)
at java.base/java.util.ArrayList.forEach(ArrayList.java:1511)
... Removed 32 stack frames]]>
    </failure>
  </testcase> <!-- trackProgressBarUpdate -->
</testsuite> <!-- Home Page Tests -->
