<?xml version="1.0" encoding="UTF-8"?>
<!-- Generated by org.testng.reporters.JUnitXMLReporter -->
<testsuite ignored="0" hostname="EPESMALW03F9" failures="0" tests="3" name="NavBar Tests" time="18.666" errors="0" timestamp="2023-02-01T17:23:12 CET">
  <testcase classname="web.NavBarTests" name="isHomePageOpened" time="0.343"/>
  <testcase classname="web.NavBarTests" name="isResourcePageOpened" time="0.331"/>
  <testcase classname="web.NavBarTests" name="isUiTabPageOpened" time="0.282"/>
</testsuite> <!-- NavBar Tests -->
