<?xml version="1.0" encoding="UTF-8"?>
<!-- Generated by org.testng.reporters.JUnitXMLReporter -->
<testsuite ignored="0" hostname="EPESMALW03F9" failures="0" tests="3" name="NavBar Tests" time="18.811" errors="0" timestamp="2023-02-02T11:31:28 CET">
  <testcase classname="web.NavBarTests" name="isHomePageOpened" time="0.306"/>
  <testcase classname="web.NavBarTests" name="isResourcePageOpened" time="0.293"/>
  <testcase classname="web.NavBarTests" name="isUiTabPageOpened" time="0.302"/>
</testsuite> <!-- NavBar Tests -->
